<?xml version="1.0" encoding="UTF-8"?>
<!-- Generated by org.testng.reporters.JUnitXMLReporter -->
<testsuite ignored="1" hostname="iamnisar812" failures="1" tests="2" name="Error Validation Test" time="10.704" errors="0" timestamp="2023-06-25T13:50:19 IST">
  <testcase classname="nahmed.Tests.ErrorValidationsTest" name="LoginErrorValidation" time="0.91">
    <skipped/>
  </testcase> <!-- LoginErrorValidation -->
  <testcase classname="nahmed.Tests.ErrorValidationsTest" name="LoginErrorValidation" time="0.896">
    <failure type="java.lang.AssertionError" message="expected [Incorrect email or password.@] but found [Incorrect email or password.]">
      <![CDATA[java.lang.AssertionError: expected [Incorrect email or password.@] but found [Incorrect email or password.]
at nahmed.Tests.ErrorValidationsTest.LoginErrorValidation(ErrorValidationsTest.java:24)
at java.base/java.util.ArrayList.forEach(ArrayList.java:1511)
at java.base/java.util.concurrent.FutureTask.run(FutureTask.java:264)
at java.base/java.util.concurrent.ThreadPoolExecutor.runWorker(ThreadPoolExecutor.java:1136)
at java.base/java.util.concurrent.ThreadPoolExecutor$Worker.run(ThreadPoolExecutor.java:635)
at java.base/java.lang.Thread.run(Thread.java:833)
... Removed 24 stack frames]]>
    </failure>
  </testcase> <!-- LoginErrorValidation -->
  <testcase classname="nahmed.Tests.ErrorValidationsTest" name="ProductErrorValidation" time="0.0">
    <ignored/>
  </testcase> <!-- ProductErrorValidation -->
</testsuite> <!-- Error Validation Test -->
