<?xml version="1.0" encoding="UTF-8"?>
<!-- Generated by org.testng.reporters.JUnitReportReporter -->
<testsuite hostname="iamnisar812" failures="0" tests="7" name="Tests.day3" time="-1699782400.000" errors="1" timestamp="2023-11-12T15:17:04 IST" skipped="6">
  <testcase classname="Tests.day3" name="beforeClass" time="-1699782400.000">
    <error message="
Parameter &#039;URL&#039; is required by BeforeClass on method beforeClass but has not been marked @Optional or defined
in C:\Users\iamni\git\JavaProjects\TestNGTutorial\testng2.xml" type="org.testng.TestNGException">
      <![CDATA[org.testng.TestNGException: 
Parameter 'URL' is required by BeforeClass on method beforeClass but has not been marked @Optional or defined
in C:\Users\iamni\git\JavaProjects\TestNGTutorial\testng2.xml
at org.testng.internal.Parameters.createParams(Parameters.java:270)
at org.testng.internal.Parameters.createParametersForMethod(Parameters.java:358)
at org.testng.internal.Parameters.createParameters(Parameters.java:700)
at org.testng.internal.Parameters.createConfigurationParameters(Parameters.java:168)
at org.testng.internal.ConfigInvoker.invokeConfigurations(ConfigInvoker.java:302)
at org.testng.internal.TestMethodWorker.invokeBeforeClassMethods(TestMethodWorker.java:176)
at org.testng.internal.TestMethodWorker.run(TestMethodWorker.java:122)
at java.base/java.util.ArrayList.forEach(ArrayList.java:1511)
at org.testng.TestRunner.privateRun(TestRunner.java:794)
at org.testng.TestRunner.run(TestRunner.java:596)
at org.testng.SuiteRunner.runTest(SuiteRunner.java:377)
at org.testng.SuiteRunner.runSequentially(SuiteRunner.java:371)
at org.testng.SuiteRunner.privateRun(SuiteRunner.java:332)
at org.testng.SuiteRunner.run(SuiteRunner.java:276)
at org.testng.SuiteRunnerWorker.runSuite(SuiteRunnerWorker.java:53)
at org.testng.SuiteRunnerWorker.run(SuiteRunnerWorker.java:96)
at org.testng.TestNG.runSuitesSequentially(TestNG.java:1212)
at org.testng.TestNG.runSuitesLocally(TestNG.java:1134)
at org.testng.TestNG.runSuites(TestNG.java:1063)
at org.testng.TestNG.run(TestNG.java:1031)
at org.testng.remote.AbstractRemoteTestNG.run(AbstractRemoteTestNG.java:115)
at org.testng.remote.RemoteTestNG.initAndRun(RemoteTestNG.java:251)
at org.testng.remote.RemoteTestNG.main(RemoteTestNG.java:77)
]]>
    </error>
  </testcase> <!-- beforeClass -->
  <system-out/>
  <testcase classname="Tests.day3" name="MobileLoginCarLoan" time="0.000">
    <skipped/>
  </testcase> <!-- MobileLoginCarLoan -->
  <system-out/>
  <testcase classname="Tests.day3" name="usingDataProvider" time="0.000">
    <skipped/>
  </testcase> <!-- usingDataProvider -->
  <system-out/>
  <testcase classname="Tests.day3" name="usingDataProvider" time="0.000">
    <skipped/>
  </testcase> <!-- usingDataProvider -->
  <system-out/>
  <testcase classname="Tests.day3" name="usingDataProvider" time="0.000">
    <skipped/>
  </testcase> <!-- usingDataProvider -->
  <system-out/>
  <testcase classname="Tests.day3" name="ApiLoginCarLoan" time="0.000">
    <skipped/>
  </testcase> <!-- ApiLoginCarLoan -->
  <system-out/>
  <testcase classname="Tests.day3" name="WebLoginCarLoan" time="0.000">
    <skipped/>
  </testcase> <!-- WebLoginCarLoan -->
  <system-out/>
</testsuite> <!-- Tests.day3 -->
